\BOOKMARK [0][-]{chapter.1}{\376\377\000C\000o\000u\000r\000s\000e\000\040\000I\000n\000t\000r\000o\000d\000u\000c\000t\000i\000o\000n}{}% 1
\BOOKMARK [0][-]{chapter.2}{\376\377\000I\000d\000e\000n\000t\000i\000t\000y\000\040\000\046\000\040\000F\000e\000d\000e\000r\000a\000t\000i\000o\000n}{}% 2
\BOOKMARK [1][-]{section.2.1}{\376\377\000I\000A\000M\000\040\000-\000\040\000W\000h\000a\000t\000\040\000s\000h\000o\000u\000l\000d\000\040\000y\000o\000u\000\040\000k\000n\000o\000w\000\040\000b\000y\000\040\000n\000o\000w}{chapter.2}% 3
\BOOKMARK [2][-]{subsection.2.1.1}{\376\377\000I\000A\000M\000\040\000P\000o\000l\000i\000c\000i\000e\000s\000\040\000D\000e\000e\000p\000\040\000D\000i\000v\000e}{section.2.1}% 4
\BOOKMARK [2][-]{subsection.2.1.2}{\376\377\000I\000A\000M\000\040\000A\000W\000S\000\040\000M\000a\000n\000a\000g\000e\000d\000\040\000P\000o\000l\000i\000c\000i\000e\000s\000\040\000-\000\040\000A\000d\000m\000i\000n\000i\000s\000t\000r\000a\000t\000o\000r\000\040\000A\000c\000c\000e\000s\000s\000\040\000e\000x\000a\000m\000p\000l\000e}{section.2.1}% 5
\BOOKMARK [2][-]{subsection.2.1.3}{\376\377\000I\000A\000M\000\040\000P\000o\000l\000i\000c\000i\000e\000s\000\040\000C\000o\000n\000d\000i\000t\000i\000o\000n\000s}{section.2.1}% 6
\BOOKMARK [2][-]{subsection.2.1.4}{\376\377\000I\000A\000M\000\040\000P\000o\000l\000i\000c\000i\000e\000s\000\040\000V\000a\000r\000i\000a\000b\000l\000e\000s\000\040\000a\000n\000d\000\040\000T\000a\000g\000s}{section.2.1}% 7
\BOOKMARK [2][-]{subsection.2.1.5}{\376\377\000I\000A\000M\000\040\000R\000o\000l\000e\000s\000\040\000v\000s\000\040\000R\000e\000s\000o\000u\000r\000c\000e\000\040\000B\000a\000s\000e\000d\000\040\000P\000o\000l\000i\000c\000i\000e\000s}{section.2.1}% 8
\BOOKMARK [2][-]{subsection.2.1.6}{\376\377\000I\000A\000M\000\040\000P\000e\000r\000m\000i\000s\000s\000i\000o\000n\000s\000\040\000B\000o\000u\000n\000d\000a\000r\000i\000e\000s}{section.2.1}% 9
\BOOKMARK [2][-]{subsection.2.1.7}{\376\377\000U\000s\000e\000\040\000c\000a\000s\000e\000s}{section.2.1}% 10
\BOOKMARK [2][-]{subsection.2.1.8}{\376\377\000I\000A\000M\000\040\000A\000c\000c\000e\000s\000s\000\040\000A\000n\000a\000l\000y\000s\000e\000r}{section.2.1}% 11
\BOOKMARK [2][-]{subsection.2.1.9}{\376\377\000I\000A\000M\000\040\000A\000c\000c\000e\000s\000s\000\040\000A\000n\000a\000l\000y\000s\000e\000r}{section.2.1}% 12
\BOOKMARK [1][-]{section.2.2}{\376\377\000S\000T\000S}{chapter.2}% 13
\BOOKMARK [2][-]{subsection.2.2.1}{\376\377\000U\000s\000i\000n\000g\000\040\000S\000T\000S\000\040\000t\000o\000\040\000A\000s\000s\000u\000m\000e\000\040\000a\000\040\000R\000o\000l\000e}{section.2.2}% 14
\BOOKMARK [2][-]{subsection.2.2.2}{\376\377\000A\000s\000s\000u\000m\000i\000n\000g\000\040\000a\000\040\000R\000o\000l\000e\000\040\000w\000i\000t\000h\000\040\000S\000T\000S}{section.2.2}% 15
\BOOKMARK [2][-]{subsection.2.2.3}{\376\377\000P\000r\000o\000v\000i\000d\000i\000n\000g\000\040\000A\000c\000c\000e\000s\000s\000\040\000t\000o\000\040\000a\000n\000\040\000I\000A\000M\000\040\000U\000s\000e\000r\000\040\000i\000n\000\040\000Y\000o\000u\000r\000s\000\040\000o\000r\000\040\000A\000n\000o\000t\000h\000e\000r\000\040\000A\000W\000S\000\040\000A\000c\000c\000o\000u\000n\000t\000\040\000T\000h\000a\000t\000\040\000Y\000o\000u\000\040\000O\000w\000n}{section.2.2}% 16
\BOOKMARK [2][-]{subsection.2.2.4}{\376\377\000P\000r\000o\000v\000i\000d\000i\000n\000g\000\040\000A\000c\000c\000e\000s\000s\000\040\000t\000o\000\040\000A\000W\000S\000\040\000A\000c\000c\000o\000u\000n\000t\000s\000\040\000O\000w\000n\000e\000d\000\040\000b\000y\000\040\000T\000h\000i\000r\000d\000\040\000P\000a\000r\000t\000i\000e\000s}{section.2.2}% 17
\BOOKMARK [2][-]{subsection.2.2.5}{\376\377\000I\000d\000e\000n\000t\000i\000t\000y\000\040\000F\000e\000d\000e\000r\000a\000t\000i\000o\000n\000\040\000i\000n\000\040\000A\000W\000S}{section.2.2}% 18
\BOOKMARK [2][-]{subsection.2.2.6}{\376\377\000A\000W\000S\000\040\000D\000i\000r\000e\000c\000t\000o\000r\000y\000\040\000S\000e\000r\000v\000i\000c\000e\000s\000\040\000\050\000A\000D\000\051\000?}{section.2.2}% 19
\BOOKMARK [2][-]{subsection.2.2.7}{\376\377\000A\000W\000S\000\040\000O\000r\000g\000n\000i\000s\000a\000t\000i\000o\000n\000s}{section.2.2}% 20
\BOOKMARK [2][-]{subsection.2.2.8}{\376\377\000A\000W\000S\000\040\000I\000A\000M\000\040\000I\000d\000e\000n\000t\000i\000t\000y\000\040\000C\000e\000n\000t\000e\000r}{section.2.2}% 21
\BOOKMARK [1][-]{section.2.3}{\376\377\000A\000W\000S\000\040\000R\000e\000s\000o\000u\000r\000c\000e\000\040\000A\000c\000c\000e\000s\000s\000\040\000M\000a\000n\000a\000g\000e\000r\000\040\000\050\000R\000A\000M\000\051}{chapter.2}% 22
\BOOKMARK [1][-]{section.2.4}{\376\377\000S\000u\000m\000m\000a\000r\000y\000\040\000o\000f\000\040\000I\000d\000e\000n\000t\000i\000t\000y\000\040\000a\000n\000d\000\040\000F\000e\000d\000e\000r\000a\000t\000i\000o\000n}{chapter.2}% 23
\BOOKMARK [0][-]{chapter.3}{\376\377\000S\000e\000c\000u\000r\000i\000t\000y}{}% 24
\BOOKMARK [1][-]{section.3.1}{\376\377\000C\000l\000o\000u\000d\000T\000r\000a\000i\000l}{chapter.3}% 25
\BOOKMARK [1][-]{section.3.2}{\376\377\000C\000l\000o\000u\000d\000T\000r\000a\000i\000l\000\040\000-\000\040\000E\000v\000e\000n\000t\000B\000r\000i\000d\000g\000e\000\040\000I\000n\000t\000e\000g\000r\000a\000t\000i\000o\000n}{chapter.3}% 26
\BOOKMARK [1][-]{section.3.3}{\376\377\000C\000l\000o\000u\000d\000T\000r\000a\000i\000l\000\040\000-\000\040\000S\000A\000\040\000P\000r\000o}{chapter.3}% 27
\BOOKMARK [1][-]{section.3.4}{\376\377\000K\000M\000S}{chapter.3}% 28
\BOOKMARK [1][-]{section.3.5}{\376\377\000P\000a\000r\000a\000m\000e\000t\000e\000r\000\040\000S\000t\000o\000r\000e}{chapter.3}% 29
\BOOKMARK [1][-]{section.3.6}{\376\377\000S\000e\000c\000r\000e\000t\000s\000\040\000M\000a\000n\000g\000a\000g\000e\000r}{chapter.3}% 30
\BOOKMARK [1][-]{section.3.7}{\376\377\000R\000D\000S\000\040\000S\000e\000c\000u\000r\000i\000t\000y}{chapter.3}% 31
\BOOKMARK [1][-]{section.3.8}{\376\377\000S\000S\000L\000\040\000E\000n\000c\000r\000y\000p\000t\000i\000o\000n\000,\000\040\000S\000N\000I\000,\000\040\000M\000I\000T\000M}{chapter.3}% 32
\BOOKMARK [1][-]{section.3.9}{\376\377\000A\000W\000S\000\040\000C\000e\000r\000t\000i\000f\000i\000c\000a\000t\000e\000\040\000M\000a\000n\000a\000g\000e\000r\000\040\000-\000\040\000A\000C\000M}{chapter.3}% 33
\BOOKMARK [1][-]{section.3.10}{\376\377\000C\000l\000o\000u\000d\000H\000S\000M}{chapter.3}% 34
\BOOKMARK [1][-]{section.3.11}{\376\377\000S\000o\000l\000u\000t\000i\000o\000n\000\040\000A\000r\000c\000h\000i\000t\000e\000c\000t\000u\000r\000e\000\040\000-\000\040\000S\000S\000L\000\040\000o\000n\000\040\000E\000L\000B}{chapter.3}% 35
\BOOKMARK [1][-]{section.3.12}{\376\377\000S\0003\000\040\000S\000e\000c\000u\000r\000i\000t\000y}{chapter.3}% 36
\BOOKMARK [1][-]{section.3.13}{\376\377\000S\0003\000\040\000A\000c\000c\000e\000s\000s\000\040\000P\000o\000i\000n\000t\000s}{chapter.3}% 37
\BOOKMARK [1][-]{section.3.14}{\376\377\000S\0003\000\040\000M\000u\000l\000t\000i\000-\000R\000e\000g\000i\000o\000n\000\040\000A\000c\000c\000e\000s\000s\000\040\000P\000o\000i\000n\000t\000s}{chapter.3}% 38
\BOOKMARK [1][-]{section.3.15}{\376\377\000S\0003\000\040\000M\000u\000l\000t\000i\000-\000R\000e\000g\000i\000o\000n\000\040\000A\000c\000c\000e\000s\000s\000\040\000P\000o\000i\000n\000t\000s\000\040\000-\000\040\000H\000a\000n\000d\000s\000\040\000O\000n}{chapter.3}% 39
\BOOKMARK [1][-]{section.3.16}{\376\377\000S\0003\000\040\000O\000b\000j\000e\000c\000t\000\040\000L\000a\000m\000b\000d\000a}{chapter.3}% 40
\BOOKMARK [1][-]{section.3.17}{\376\377\000D\000D\000o\000S\000\040\000a\000n\000d\000\040\000A\000W\000S\000\040\000S\000h\000i\000e\000l\000d}{chapter.3}% 41
\BOOKMARK [1][-]{section.3.18}{\376\377\000A\000W\000S\000\040\000W\000A\000F\000\040\000-\000\040\000W\000e\000b\000\040\000A\000p\000p\000l\000i\000c\000a\000t\000i\000o\000n\000\040\000F\000i\000r\000e\000w\000a\000l\000l}{chapter.3}% 42
\BOOKMARK [1][-]{section.3.19}{\376\377\000A\000W\000S\000\040\000F\000i\000r\000e\000w\000a\000l\000l\000\040\000M\000a\000n\000a\000g\000e\000r}{chapter.3}% 43
\BOOKMARK [1][-]{section.3.20}{\376\377\000B\000l\000o\000c\000k\000i\000n\000g\000\040\000a\000n\000\040\000I\000P\000\040\000A\000d\000d\000r\000e\000s\000s}{chapter.3}% 44
\BOOKMARK [1][-]{section.3.21}{\376\377\000A\000m\000a\000z\000o\000n\000\040\000I\000n\000s\000p\000e\000c\000t\000o\000r}{chapter.3}% 45
\BOOKMARK [1][-]{section.3.22}{\376\377\000A\000W\000S\000\040\000C\000o\000n\000f\000i\000g}{chapter.3}% 46
\BOOKMARK [1][-]{section.3.23}{\376\377\000A\000W\000S\000\040\000M\000a\000n\000a\000g\000e\000d\000\040\000L\000o\000g\000s}{chapter.3}% 47
\BOOKMARK [1][-]{section.3.24}{\376\377\000A\000m\000a\000z\000o\000n\000\040\000G\000u\000a\000r\000d\000D\000u\000t\000y}{chapter.3}% 48
\BOOKMARK [1][-]{section.3.25}{\376\377\000I\000A\000M\000\040\000A\000d\000v\000a\000n\000c\000e\000d\000\040\000P\000o\000l\000i\000c\000i\000e\000s}{chapter.3}% 49
\BOOKMARK [1][-]{section.3.26}{\376\377\000E\000C\0002\000\040\000I\000n\000s\000t\000a\000n\000c\000e\000\040\000C\000o\000n\000n\000e\000c\000t}{chapter.3}% 50
\BOOKMARK [1][-]{section.3.27}{\376\377\000A\000W\000S\000\040\000S\000e\000c\000u\000r\000i\000t\000y\000\040\000H\000u\000b}{chapter.3}% 51
\BOOKMARK [1][-]{section.3.28}{\376\377\000A\000m\000a\000z\000o\000n\000\040\000D\000e\000t\000e\000c\000t\000i\000v\000e}{chapter.3}% 52
\BOOKMARK [0][-]{chapter.4}{\376\377\000C\000o\000m\000p\000u\000t\000e\000\040\000\046\000\040\000L\000o\000a\000d\000\040\000B\000a\000l\000a\000n\000c\000i\000n\000g}{}% 53
\BOOKMARK [1][-]{section.4.1}{\376\377\000S\000o\000l\000u\000t\000i\000o\000n\000\040\000A\000r\000c\000h\000i\000t\000e\000c\000t\000u\000r\000e\000\040\000o\000n\000\040\000A\000W\000S}{chapter.4}% 54
\BOOKMARK [1][-]{section.4.2}{\376\377\000E\000C\0002}{chapter.4}% 55
\BOOKMARK [1][-]{section.4.3}{\376\377\000H\000i\000g\000h\000\040\000P\000e\000r\000f\000o\000r\000m\000a\000n\000c\000e\000\040\000C\000o\000m\000p\000u\000t\000i\000n\000g\000\040\000\050\000H\000P\000C\000\051}{chapter.4}% 56
\BOOKMARK [1][-]{section.4.4}{\376\377\000A\000u\000t\000o\000\040\000S\000c\000a\000l\000i\000n\000g}{chapter.4}% 57
\BOOKMARK [1][-]{section.4.5}{\376\377\000A\000u\000t\000o\000\040\000S\000c\000a\000l\000i\000n\000g\000\040\000U\000p\000d\000a\000t\000e\000\040\000S\000t\000r\000a\000t\000e\000g\000i\000e\000s}{chapter.4}% 58
\BOOKMARK [1][-]{section.4.6}{\376\377\000S\000p\000o\000t\000\040\000I\000n\000s\000t\000a\000n\000c\000e\000s\000\040\000a\000n\000d\000\040\000S\000p\000o\000t\000\040\000F\000l\000e\000e\000t}{chapter.4}% 59
\BOOKMARK [1][-]{section.4.7}{\376\377\000A\000m\000a\000z\000o\000n\000\040\000E\000C\000S\000\040\000-\000\040\000E\000l\000a\000s\000t\000i\000c\000\040\000C\000o\000n\000t\000a\000i\000n\000e\000r\000\040\000S\000e\000r\000v\000i\000c\000e}{chapter.4}% 60
\BOOKMARK [1][-]{section.4.8}{\376\377\000A\000m\000a\000z\000o\000n\000\040\000E\000C\000R\000\040\000-\000\040\000E\000l\000a\000s\000t\000i\000c\000\040\000C\000o\000n\000t\000a\000i\000n\000e\000r\000\040\000R\000e\000g\000i\000s\000t\000r\000y}{chapter.4}% 61
\BOOKMARK [1][-]{section.4.9}{\376\377\000A\000m\000a\000z\000o\000n\000\040\000E\000K\000S\000\040\000-\000\040\000E\000l\000a\000s\000t\000i\000c\000\040\000K\000u\000b\000e\000r\000n\000e\000t\000e\000s\000\040\000S\000e\000r\000v\000i\000c\000e}{chapter.4}% 62
\BOOKMARK [1][-]{section.4.10}{\376\377\000A\000W\000S\000\040\000A\000p\000p\000\040\000R\000u\000n\000n\000e\000r}{chapter.4}% 63
\BOOKMARK [1][-]{section.4.11}{\376\377\000E\000C\000S\000\040\000A\000n\000y\000w\000h\000e\000r\000e\000\040\000a\000n\000d\000\040\000E\000K\000S\000\040\000A\000n\000y\000w\000h\000e\000r\000e}{chapter.4}% 64
\BOOKMARK [1][-]{section.4.12}{\376\377\000A\000W\000S\000\040\000L\000a\000m\000b\000d\000a\000\040\000-\000\040\000P\000a\000r\000t\000\040\0001}{chapter.4}% 65
\BOOKMARK [1][-]{section.4.13}{\376\377\000A\000W\000S\000\040\000L\000a\000m\000b\000d\000a\000\040\000-\000\040\000P\000a\000r\000t\000\040\0002}{chapter.4}% 66
\BOOKMARK [1][-]{section.4.14}{\376\377\000E\000l\000a\000s\000t\000i\000c\000\040\000L\000o\000a\000d\000\040\000B\000a\000l\000a\000n\000c\000e\000r\000s\000\040\000-\000\040\000P\000a\000r\000t\000\040\0001}{chapter.4}% 67
\BOOKMARK [1][-]{section.4.15}{\376\377\000E\000l\000a\000s\000t\000i\000c\000\040\000L\000o\000a\000d\000\040\000B\000a\000l\000a\000n\000c\000e\000r\000s\000\040\000-\000\040\000P\000a\000r\000t\000\040\0002}{chapter.4}% 68
\BOOKMARK [1][-]{section.4.16}{\376\377\000A\000P\000I\000\040\000G\000a\000t\000e\000w\000a\000y}{chapter.4}% 69
\BOOKMARK [1][-]{section.4.17}{\376\377\000A\000P\000I\000\040\000G\000a\000t\000e\000w\000a\000y\000\040\000-\000\040\000P\000a\000r\000t\000\040\0002}{chapter.4}% 70
\BOOKMARK [1][-]{section.4.18}{\376\377\000A\000W\000S\000\040\000A\000p\000p\000S\000y\000n\000c}{chapter.4}% 71
\BOOKMARK [1][-]{section.4.19}{\376\377\000R\000o\000u\000t\000e\000\040\0005\0003\000\040\000-\000\040\000P\000a\000r\000t\000\040\0001}{chapter.4}% 72
\BOOKMARK [1][-]{section.4.20}{\376\377\000R\000o\000u\000t\000e\000\040\0005\0003\000\040\000-\000\040\000P\000a\000r\000t\000\040\0002}{chapter.4}% 73
\BOOKMARK [1][-]{section.4.21}{\376\377\000R\000o\000u\000t\000e\000\040\0005\0003\000\040\000-\000\040\000R\000e\000s\000o\000l\000v\000e\000r\000s\000\040\000a\000n\000d\000\040\000H\000y\000b\000r\000i\000d\000\040\000D\000N\000S}{chapter.4}% 74
\BOOKMARK [1][-]{section.4.22}{\376\377\000A\000W\000S\000\040\000G\000l\000o\000b\000a\000l\000\040\000A\000c\000c\000e\000l\000e\000r\000a\000t\000o\000r}{chapter.4}% 75
\BOOKMARK [1][-]{section.4.23}{\376\377\000C\000o\000m\000p\000a\000r\000i\000s\000o\000n\000\040\000o\000f\000\040\000S\000o\000l\000u\000t\000i\000o\000n\000\040\000A\000r\000c\000h\000i\000t\000e\000c\000t\000u\000r\000e}{chapter.4}% 76
\BOOKMARK [1][-]{section.4.24}{\376\377\000A\000W\000S\000\040\000O\000u\000t\000p\000o\000s\000t\000s}{chapter.4}% 77
\BOOKMARK [1][-]{section.4.25}{\376\377\000A\000W\000S\000\040\000W\000a\000v\000e\000L\000e\000n\000g\000t\000h}{chapter.4}% 78
\BOOKMARK [1][-]{section.4.26}{\376\377\000A\000W\000S\000\040\000L\000o\000c\000a\000l\000\040\000Z\000o\000n\000e\000s\000s}{chapter.4}% 79
\BOOKMARK [0][-]{chapter.5}{\376\377\000S\000t\000o\000r\000a\000g\000e}{}% 80
\BOOKMARK [1][-]{section.5.1}{\376\377\000E\000B\000S\000\040\000a\000n\000d\000\040\000L\000o\000c\000a\000l\000\040\000I\000n\000s\000t\000a\000n\000c\000e\000\040\000S\000t\000o\000r\000e}{chapter.5}% 81
\BOOKMARK [1][-]{section.5.2}{\376\377\000A\000m\000a\000z\000o\000n\000\040\000E\000F\000S}{chapter.5}% 82
\BOOKMARK [1][-]{section.5.3}{\376\377\000A\000m\000a\000z\000o\000n\000\040\000S\0003}{chapter.5}% 83
\BOOKMARK [1][-]{section.5.4}{\376\377\000A\000m\000a\000z\000o\000n\000\040\000S\0003\000\040\000-\000\040\000S\000t\000o\000r\000a\000g\000e\000\040\000C\000l\000a\000s\000s\000\040\000A\000n\000a\000l\000y\000s\000i\000s}{chapter.5}% 84
\BOOKMARK [1][-]{section.5.5}{\376\377\000A\000m\000a\000z\000o\000n\000\040\000S\0003\000\040\000-\000\040\000S\000t\000o\000r\000a\000g\000e\000\040\000L\000e\000n\000s}{chapter.5}% 85
\BOOKMARK [1][-]{section.5.6}{\376\377\000S\0003\000\040\000S\000o\000l\000u\000t\000i\000o\000n\000\040\000A\000r\000c\000h\000i\000t\000e\000c\000t\000u\000r\000e}{chapter.5}% 86
\BOOKMARK [1][-]{section.5.7}{\376\377\000A\000m\000a\000z\000o\000n\000\040\000F\000S\000x}{chapter.5}% 87
\BOOKMARK [1][-]{section.5.8}{\376\377\000A\000m\000a\000z\000o\000n\000\040\000F\000S\000x\000\040\000-\000\040\000S\000o\000l\000u\000t\000i\000o\000n\000\040\000A\000r\000c\000h\000i\000t\000e\000c\000t\000u\000r\000e}{chapter.5}% 88
\BOOKMARK [1][-]{section.5.9}{\376\377\000A\000W\000S\000\040\000D\000a\000t\000a\000S\000y\000n\000c}{chapter.5}% 89
\BOOKMARK [1][-]{section.5.10}{\376\377\000A\000W\000S\000\040\000D\000a\000t\000a\000S\000y\000n\000c\000\040\000-\000\040\000S\000o\000l\000u\000t\000i\000o\000n\000\040\000A\000r\000c\000h\000i\000t\000e\000c\000t\000u\000r\000e}{chapter.5}% 90
\BOOKMARK [1][-]{section.5.11}{\376\377\000A\000W\000S\000\040\000D\000a\000t\000a\000\040\000E\000x\000c\000h\000a\000n\000g\000e}{chapter.5}% 91
\BOOKMARK [1][-]{section.5.12}{\376\377\000A\000W\000S\000\040\000T\000r\000a\000n\000s\000f\000e\000r\000\040\000F\000a\000m\000i\000l\000y}{chapter.5}% 92
\BOOKMARK [1][-]{section.5.13}{\376\377\000A\000W\000S\000\040\000S\000t\000o\000r\000a\000g\000e\000\040\000S\000e\000r\000v\000i\000c\000e\000s\000\040\000P\000r\000i\000c\000e\000\040\000C\000o\000m\000p\000a\000r\000i\000s\000o\000n}{chapter.5}% 93
\BOOKMARK [0][-]{chapter.6}{\376\377\000C\000a\000c\000h\000i\000n\000g}{}% 94
\BOOKMARK [1][-]{section.6.1}{\376\377\000C\000l\000o\000u\000d\000f\000r\000o\000n\000t\000\040\000-\000\040\000P\000a\000r\000t\000\040\0001}{chapter.6}% 95
\BOOKMARK [2][-]{subsection.6.1.1}{\376\377\000C\000l\000o\000u\000d\000F\000r\000o\000n\000t\000\040\000-\000\040\000O\000r\000i\000g\000i\000n\000s}{section.6.1}% 96
\BOOKMARK [2][-]{subsection.6.1.2}{\376\377\000C\000l\000o\000u\000d\000F\000r\000o\000n\000t\000\040\000-\000\040\000S\0003\000\040\000a\000s\000\040\000a\000n\000\040\000O\000r\000i\000g\000i\000n}{section.6.1}% 97
\BOOKMARK [2][-]{subsection.6.1.3}{\376\377\000C\000l\000o\000u\000d\000F\000r\000o\000n\000t\000\040\000v\000s\000\040\000S\0003\000\040\000C\000r\000o\000s\000s\000\040\000R\000e\000g\000i\000o\000n\000\040\000R\000e\000p\000l\000i\000c\000a\000t\000i\000o\000n}{section.6.1}% 98
\BOOKMARK [2][-]{subsection.6.1.4}{\376\377\000C\000l\000o\000u\000d\000F\000r\000o\000n\000t\000\040\000-\000\040\000A\000L\000B\000\040\000o\000r\000\040\000E\000C\0002\000\040\000a\000s\000\040\000a\000n\000\040\000o\000r\000i\000g\000i\000n\000\040\000U\000s\000i\000n\000g\000\040\000V\000P\000C\000\040\000O\000r\000i\000g\000i\000n\000s}{section.6.1}% 99
\BOOKMARK [2][-]{subsection.6.1.5}{\376\377\000C\000l\000o\000u\000d\000F\000r\000o\000n\000t\000\040\000-\000\040\000E\000C\0002\000\040\000o\000r\000\040\000A\000L\000B\000\040\000a\000s\000\040\000a\000n\000\040\000o\000r\000i\000g\000i\000n}{section.6.1}% 100
\BOOKMARK [2][-]{subsection.6.1.6}{\376\377\000C\000l\000o\000u\000d\000F\000r\000o\000n\000t\000\040\000-\000\040\000R\000e\000s\000t\000r\000i\000c\000t\000\040\000A\000c\000c\000e\000s\000s\000\040\000t\000o\000\040\000A\000p\000p\000l\000i\000c\000a\000t\000i\000o\000n\000\040\000L\000o\000a\000d\000\040\000B\000a\000l\000a\000n\000c\000e\000r\000s\000\040\000a\000n\000d\000\040\000C\000u\000s\000t\000o\000m\000\040\000O\000r\000i\000g\000i\000n\000s}{section.6.1}% 101
\BOOKMARK [2][-]{subsection.6.1.7}{\376\377\000C\000l\000o\000u\000d\000F\000r\000o\000n\000t\000\040\000-\000\040\000O\000r\000i\000g\000i\000n\000\040\000G\000r\000o\000u\000p\000s}{section.6.1}% 102
\BOOKMARK [1][-]{section.6.2}{\376\377\000C\000l\000o\000u\000d\000f\000r\000o\000n\000t\000\040\000-\000\040\000P\000a\000r\000t\000\040\0002}{chapter.6}% 103
\BOOKMARK [2][-]{subsection.6.2.1}{\376\377\000C\000l\000o\000u\000d\000F\000r\000o\000n\000t\000\040\000G\000e\000o\000\040\000R\000e\000s\000t\000r\000i\000c\000t\000i\000o\000n\000s}{section.6.2}% 104
\BOOKMARK [2][-]{subsection.6.2.2}{\376\377\000C\000l\000o\000u\000d\000F\000r\000o\000n\000t\000\040\000-\000\040\000P\000r\000i\000c\000i\000n\000g}{section.6.2}% 105
\BOOKMARK [2][-]{subsection.6.2.3}{\376\377\000C\000l\000o\000u\000d\000F\000r\000o\000n\000t\000\040\000-\000\040\000P\000r\000i\000c\000e\000\040\000C\000l\000a\000s\000s\000e\000s}{section.6.2}% 106
\BOOKMARK [2][-]{subsection.6.2.4}{\376\377\000C\000l\000o\000u\000d\000F\000r\000o\000n\000t\000\040\000S\000i\000g\000n\000e\000d\000\040\000U\000R\000L\000\040\000D\000i\000a\000g\000r\000a\000m}{section.6.2}% 107
\BOOKMARK [2][-]{subsection.6.2.5}{\376\377\000C\000l\000o\000u\000d\000F\000r\000o\000n\000t\000\040\000S\000i\000g\000n\000e\000d\000\040\000U\000R\000L\000\040\000v\000s\000\040\000S\0003\000\040\000P\000r\000e\000-\000S\000i\000g\000n\000e\000d\000\040\000U\000R\000L}{section.6.2}% 108
\BOOKMARK [2][-]{subsection.6.2.6}{\376\377\000C\000l\000o\000u\000d\000F\000r\000o\000n\000t\000\040\000-\000\040\000C\000u\000s\000t\000o\000m\000\040\000E\000r\000r\000o\000r\000\040\000P\000a\000g\000e\000s}{section.6.2}% 109
\BOOKMARK [1][-]{section.6.3}{\376\377\000L\000a\000m\000b\000d\000a\000\040\000a\000t\000\040\000E\000d\000g\000e\000\040\000a\000n\000d\000\040\000C\000l\000o\000u\000d\000F\000r\000o\000n\000t\000\040\000F\000u\000n\000c\000t\000i\000o\000n\000s}{chapter.6}% 110
\BOOKMARK [2][-]{subsection.6.3.1}{\376\377\000C\000l\000o\000u\000d\000F\000r\000o\000n\000t\000\040\000-\000\040\000C\000u\000s\000t\000o\000m\000i\000s\000a\000t\000i\000o\000n\000\040\000a\000t\000\040\000t\000h\000e\000\040\000e\000d\000g\000e}{section.6.3}% 111
\BOOKMARK [2][-]{subsection.6.3.2}{\376\377\000C\000l\000o\000u\000d\000F\000r\000o\000n\000t\000\040\000F\000u\000n\000c\000t\000i\000o\000n\000s\000\040\000a\000n\000d\000\040\000L\000a\000m\000a\000b\000d\000a\000\040\000a\000t\000\040\000E\000d\000g\000e}{section.6.3}% 112
\BOOKMARK [2][-]{subsection.6.3.3}{\376\377\000C\000l\000o\000u\000d\000F\000r\000o\000n\000t\000\040\000-\000\040\000C\000l\000o\000u\000d\000F\000r\000o\000n\000t\000\040\000F\000u\000n\000c\000t\000i\000o\000n\000s}{section.6.3}% 113
\BOOKMARK [2][-]{subsection.6.3.4}{\376\377\000C\000l\000o\000u\000d\000F\000r\000o\000n\000t\000\040\000-\000\040\000L\000a\000m\000b\000d\000a\000\040\000a\000t\000\040\000E\000d\000g\000e}{section.6.3}% 114
\BOOKMARK [2][-]{subsection.6.3.5}{\376\377\000C\000l\000o\000u\000d\000F\000r\000o\000n\000t\000\040\000F\000u\000n\000c\000t\000i\000o\000n\000s\000\040\000w\000i\000t\000h\000\040\000L\000a\000m\000b\000d\000a\000\040\000a\000t\000\040\000E\000d\000g\000e}{section.6.3}% 115
\BOOKMARK [2][-]{subsection.6.3.6}{\376\377\000U\000s\000i\000n\000g\000\040\000L\000a\000m\000b\000d\000a\000\040\000a\000t\000\040\000E\000d\000g\000e\000\040\000o\000n\000l\000y}{section.6.3}% 116
\BOOKMARK [2][-]{subsection.6.3.7}{\376\377\000C\000l\000o\000u\000d\000F\000r\000o\000n\000t\000\040\000F\000u\000n\000t\000i\000o\000n\000s\000\040\000v\000s\000.\000\040\000L\000a\000m\000d\000a\000\040\000a\000t\000\040\000E\000d\000g\000e}{section.6.3}% 117
\BOOKMARK [2][-]{subsection.6.3.8}{\376\377\000C\000l\000o\000u\000d\000F\000r\000o\000n\000t\000\040\000F\000u\000n\000c\000i\000t\000o\000n\000s\000\040\000v\000s\000\040\000L\000a\000m\000b\000d\000a\000\040\000a\000t\000\040\000E\000d\000g\000e\000\040\000U\000s\000e\000\040\000C\000a\000s\000e\000s}{section.6.3}% 118
\BOOKMARK [2][-]{subsection.6.3.9}{\376\377\000C\000l\000o\000u\000d\000F\000r\000o\000n\000t\000\040\000F\000u\000n\000c\000t\000i\000o\000n\000s\000\040\000v\000s\000.\000\040\000L\000a\000m\000b\000d\000a\000\040\000a\000t\000\040\000E\000d\000g\000e\000\040\000-\000\040\000A\000u\000t\000h\000e\000n\000t\000i\000c\000a\000t\000i\000o\000n\000\040\000a\000n\000d\000\040\000A\000u\000t\000h\000o\000r\000i\000s\000a\000t\000i\000o\000n}{section.6.3}% 119
\BOOKMARK [2][-]{subsection.6.3.10}{\376\377\000L\000a\000m\000b\000d\000a\000@\000E\000d\000g\000e\000:\000\040\000L\000o\000a\000d\000i\000n\000g\000\040\000c\000o\000n\000t\000e\000n\000t\000\040\000b\000a\000s\000e\000d\000\040\000o\000n\000\040\000U\000s\000e\000r\000-\000A\000g\000e\000n\000t}{section.6.3}% 120
\BOOKMARK [2][-]{subsection.6.3.11}{\376\377\000L\000a\000m\000b\000d\000a\000\040\000a\000t\000\040\000E\000d\000g\000e\000\040\000-\000\040\000G\000l\000o\000b\000a\000l\000\040\000A\000p\000p\000l\000i\000c\000a\000t\000i\000o\000n}{section.6.3}% 121
\BOOKMARK [1][-]{section.6.4}{\376\377\000L\000a\000m\000b\000d\000a\000\040\000a\000t\000\040\000E\000d\000g\000e\000\040\000R\000e\000d\000u\000c\000e\000\040\000L\000a\000t\000e\000n\000c\000y}{chapter.6}% 122
\BOOKMARK [2][-]{subsection.6.4.1}{\376\377\000L\000a\000m\000b\000d\000a\000\040\000a\000t\000\040\000E\000d\000g\000e\000\040\000-\000\040\000R\000o\000u\000t\000e\000\040\000t\000o\000\040\000d\000i\000f\000f\000e\000r\000e\000n\000t\000\040\000o\000r\000i\000g\000i\000n}{section.6.4}% 123
\BOOKMARK [1][-]{section.6.5}{\376\377\000A\000m\000a\000z\000o\000n\000\040\000E\000l\000a\000s\000t\000i\000C\000a\000c\000h\000e}{chapter.6}% 124
\BOOKMARK [2][-]{subsection.6.5.1}{\376\377\000A\000m\000a\000z\000o\000n\000\040\000E\000l\000a\000s\000t\000i\000c\000C\000a\000c\000h\000e\000\040\000O\000v\000e\000r\000v\000i\000e\000w}{section.6.5}% 125
\BOOKMARK [2][-]{subsection.6.5.2}{\376\377\000E\000l\000a\000s\000t\000i\000C\000a\000c\000h\000e\000\040\000S\000o\000l\000u\000t\000i\000o\000n\000\040\000A\000r\000c\000h\000i\000t\000e\000c\000t\000u\000r\000e\000\040\000-\000\040\000D\000B\000\040\000C\000a\000c\000h\000e}{section.6.5}% 126
\BOOKMARK [2][-]{subsection.6.5.3}{\376\377\000E\000l\000a\000s\000t\000i\000C\000a\000c\000h\000e\000\040\000S\000o\000l\000u\000t\000i\000o\000n\000\040\000A\000r\000c\000h\000i\000t\000e\000c\000t\000u\000r\000e\000\040\000-\000\040\000U\000s\000e\000r\000\040\000S\000e\000s\000s\000i\000o\000n\000\040\000S\000t\000o\000r\000e}{section.6.5}% 127
\BOOKMARK [2][-]{subsection.6.5.4}{\376\377\000E\000l\000a\000s\000t\000i\000C\000a\000c\000h\000e\000\040\000-\000\040\000R\000e\000d\000i\000s\000\040\000v\000s\000\040\000M\000e\000m\000c\000a\000c\000h\000e\000d}{section.6.5}% 128
\BOOKMARK [1][-]{section.6.6}{\376\377\000H\000a\000n\000d\000l\000i\000n\000g\000\040\000E\000x\000t\000r\000e\000m\000e\000\040\000R\000a\000t\000e\000s}{chapter.6}% 129
\BOOKMARK [0][-]{chapter.7}{\376\377\000D\000a\000t\000a\000b\000a\000s\000e\000s}{}% 130
\BOOKMARK [1][-]{section.7.1}{\376\377\000D\000y\000a\000n\000a\000m\000o\000D\000B}{chapter.7}% 131
\BOOKMARK [1][-]{section.7.2}{\376\377\000A\000m\000a\000z\000o\000n\000\040\000O\000p\000\363\000e\000n\000S\000e\000a\000r\000c\000h}{chapter.7}% 132
\BOOKMARK [1][-]{section.7.3}{\376\377\000R\000D\000S}{chapter.7}% 133
\BOOKMARK [1][-]{section.7.4}{\376\377\000A\000u\000r\000o\000r\000a\000\040\000-\000\040\000P\000a\000r\000t\000\040\0001}{chapter.7}% 134
\BOOKMARK [1][-]{section.7.5}{\376\377\000A\000u\000r\000o\000r\000a\000\040\000-\000\040\000P\000a\000r\000t\000\040\0002}{chapter.7}% 135
\BOOKMARK [0][-]{chapter.8}{\376\377\000S\000e\000r\000v\000i\000c\000e\000\040\000C\000o\000m\000m\000u\000n\000i\000c\000a\000t\000i\000o\000n}{}% 136
\BOOKMARK [1][-]{section.8.1}{\376\377\000S\000t\000e\000p\000\040\000F\000u\000n\000c\000t\000i\000o\000n\000s}{chapter.8}% 137
\BOOKMARK [1][-]{section.8.2}{\376\377\000S\000Q\000S}{chapter.8}% 138
\BOOKMARK [1][-]{section.8.3}{\376\377\000A\000m\000a\000z\000o\000n\000\040\000M\000Q}{chapter.8}% 139
\BOOKMARK [1][-]{section.8.4}{\376\377\000A\000m\000a\000z\000o\000n\000\040\000S\000N\000S}{chapter.8}% 140
\BOOKMARK [1][-]{section.8.5}{\376\377\000A\000m\000a\000z\000o\000n\000\040\000S\000N\000S\000\040\000-\000\040\000S\000Q\000S\000\040\000F\000a\000n\000\040\000O\000u\000t\000\040\000P\000a\000t\000t\000e\000r\000n}{chapter.8}% 141
\BOOKMARK [1][-]{section.8.6}{\376\377\000A\000m\000a\000z\000o\000n\000\040\000S\000N\000S\000\040\000-\000\040\000M\000e\000s\000s\000a\000g\000e\000\040\000D\000e\000l\000i\000v\000e\000r\000y\000\040\000R\000e\000t\000r\000i\000e\000s}{chapter.8}% 142
\BOOKMARK [0][-]{chapter.9}{\376\377\000D\000a\000t\000a\000\040\000E\000n\000g\000i\000n\000e\000e\000r\000i\000n\000g}{}% 143
\BOOKMARK [1][-]{section.9.1}{\376\377\000A\000m\000a\000z\000o\000n\000\040\000K\000i\000n\000e\000s\000i\000s\000\040\000D\000a\000t\000a\000\040\000S\000t\000r\000e\000a\000m\000s}{chapter.9}% 144
\BOOKMARK [1][-]{section.9.2}{\376\377\000A\000m\000a\000z\000o\000n\000\040\000D\000a\000t\000a\000\040\000F\000i\000r\000e\000h\000o\000s\000e}{chapter.9}% 145
\BOOKMARK [1][-]{section.9.3}{\376\377\000A\000m\000a\000z\000o\000n\000\040\000M\000a\000n\000a\000g\000e\000d\000\040\000S\000e\000r\000v\000i\000c\000e\000\040\000f\000o\000r\000\040\000A\000p\000a\000c\000h\000e\000\040\000F\000l\000i\000n\000k}{chapter.9}% 146
\BOOKMARK [1][-]{section.9.4}{\376\377\000S\000t\000r\000e\000a\000m\000i\000n\000g\000\040\000A\000r\000c\000h\000i\000t\000e\000c\000t\000u\000r\000e\000s}{chapter.9}% 147
\BOOKMARK [1][-]{section.9.5}{\376\377\000A\000m\000a\000z\000o\000n\000\040\000M\000S\000K}{chapter.9}% 148
\BOOKMARK [1][-]{section.9.6}{\376\377\000A\000W\000S\000\040\000B\000a\000t\000c\000h}{chapter.9}% 149
\BOOKMARK [1][-]{section.9.7}{\376\377\000A\000m\000a\000z\000o\000n\000\040\000E\000M\000R}{chapter.9}% 150
\BOOKMARK [1][-]{section.9.8}{\376\377\000R\000u\000n\000n\000i\000n\000g\000\040\000J\000o\000b\000s\000\040\000o\000n\000\040\000A\000W\000S}{chapter.9}% 151
\BOOKMARK [1][-]{section.9.9}{\376\377\000A\000W\000S\000\040\000G\000l\000u\000e}{chapter.9}% 152
\BOOKMARK [1][-]{section.9.10}{\376\377\000R\000e\000d\000s\000h\000i\000f\000t}{chapter.9}% 153
\BOOKMARK [1][-]{section.9.11}{\376\377\000A\000m\000a\000z\000o\000n\000\040\000D\000o\000c\000u\000m\000e\000n\000t\000D\000B}{chapter.9}% 154
\BOOKMARK [1][-]{section.9.12}{\376\377\000A\000m\000a\000z\000o\000n\000\040\000T\000i\000m\000e\000s\000t\000r\000e\000a\000m}{chapter.9}% 155
\BOOKMARK [1][-]{section.9.13}{\376\377\000A\000m\000a\000z\000o\000n\000\040\000A\000t\000h\000e\000n\000a}{chapter.9}% 156
\BOOKMARK [1][-]{section.9.14}{\376\377\000A\000m\000a\000z\000o\000n\000\040\000Q\000u\000i\000c\000k\000S\000i\000g\000h\000t}{chapter.9}% 157
\BOOKMARK [1][-]{section.9.15}{\376\377\000B\000i\000g\000\040\000D\000a\000t\000a\000\040\000A\000r\000c\000h\000i\000t\000e\000c\000t\000u\000r\000e}{chapter.9}% 158
\BOOKMARK [0][-]{chapter.10}{\376\377\000M\000o\000n\000i\000t\000o\000r\000i\000n\000g}{}% 159
\BOOKMARK [1][-]{section.10.1}{\376\377\000C\000l\000o\000u\000d\000W\000a\000t\000c\000h}{chapter.10}% 160
\BOOKMARK [1][-]{section.10.2}{\376\377\000C\000l\000o\000u\000d\000W\000a\000t\000c\000h\000\040\000L\000o\000g\000s}{chapter.10}% 161
\BOOKMARK [1][-]{section.10.3}{\376\377\000A\000m\000a\000z\000o\000n\000\040\000E\000v\000e\000n\000t\000B\000r\000i\000d\000g\000e}{chapter.10}% 162
\BOOKMARK [1][-]{section.10.4}{\376\377\000X\000-\000R\000a\000y}{chapter.10}% 163
\BOOKMARK [1][-]{section.10.5}{\376\377\000A\000W\000S\000\040\000P\000e\000r\000s\000o\000n\000a\000l\000\040\000H\000e\000a\000l\000t\000h\000\040\000D\000a\000s\000h\000b\000o\000a\000r\000d}{chapter.10}% 164
\BOOKMARK [0][-]{chapter.11}{\376\377\000D\000e\000p\000l\000o\000y\000m\000e\000n\000t\000\040\000a\000n\000d\000\040\000I\000n\000s\000t\000a\000n\000c\000e\000\040\000M\000a\000n\000a\000g\000e\000m\000e\000n\000t}{}% 165
\BOOKMARK [1][-]{section.11.1}{\376\377\000E\000l\000a\000s\000t\000i\000c\000\040\000B\000e\000a\000n\000s\000t\000a\000l\000k}{chapter.11}% 166
\BOOKMARK [1][-]{section.11.2}{\376\377\000C\000o\000d\000e\000D\000e\000p\000l\000o\000y}{chapter.11}% 167
\BOOKMARK [1][-]{section.11.3}{\376\377\000C\000l\000o\000u\000d\000F\000o\000r\000m\000a\000t\000i\000o\000n}{chapter.11}% 168
\BOOKMARK [1][-]{section.11.4}{\376\377\000S\000e\000r\000v\000i\000c\000e\000\040\000C\000a\000t\000a\000l\000o\000g}{chapter.11}% 169
\BOOKMARK [1][-]{section.11.5}{\376\377\000S\000A\000M\000\040\000-\000\040\000S\000e\000r\000v\000e\000r\000l\000e\000s\000s\000\040\000A\000p\000p\000l\000i\000c\000a\000t\000i\000o\000n\000\040\000M\000o\000d\000e\000l}{chapter.11}% 170
\BOOKMARK [1][-]{section.11.6}{\376\377\000A\000W\000S\000\040\000C\000D\000K\000\040\000-\000\040\000C\000l\000o\000u\000d\000\040\000D\000e\000v\000e\000l\000o\000p\000m\000e\000n\000t\000\040\000K\000i\000t}{chapter.11}% 171
\BOOKMARK [1][-]{section.11.7}{\376\377\000A\000W\000S\000\040\000S\000y\000s\000t\000e\000m\000s\000\040\000M\000a\000n\000g\000e\000r\000\040\000-\000\040\000S\000S\000M}{chapter.11}% 172
\BOOKMARK [1][-]{section.11.8}{\376\377\000A\000W\000S\000\040\000C\000l\000o\000u\000d\000\040\000M\000a\000p}{chapter.11}% 173
\BOOKMARK [0][-]{chapter.12}{\376\377\000C\000o\000s\000t\000\040\000C\000o\000n\000t\000r\000o\000l}{}% 174
\BOOKMARK [1][-]{section.12.1}{\376\377\000C\000o\000s\000t\000\040\000A\000l\000l\000o\000c\000a\000t\000i\000o\000n\000\040\000T\000a\000g\000s}{chapter.12}% 175
\BOOKMARK [1][-]{section.12.2}{\376\377\000A\000W\000S\000\040\000T\000a\000g\000\040\000E\000d\000i\000t\000o\000r}{chapter.12}% 176
\BOOKMARK [1][-]{section.12.3}{\376\377\000T\000r\000u\000s\000t\000e\000d\000\040\000A\000d\000v\000i\000s\000o\000r}{chapter.12}% 177
\BOOKMARK [1][-]{section.12.4}{\376\377\000A\000W\000S\000\040\000S\000e\000r\000v\000i\000c\000e\000\040\000Q\000u\000o\000t\000a\000s}{chapter.12}% 178
\BOOKMARK [1][-]{section.12.5}{\376\377\000E\000C\0002\000\040\000L\000a\000u\000n\000c\000h\000\040\000T\000y\000p\000e\000s\000\040\000a\000n\000d\000\040\000S\000a\000v\000i\000n\000g\000s\000\040\000P\000l\000a\000n\000s}{chapter.12}% 179
\BOOKMARK [2][-]{subsection.12.5.1}{\376\377\000A\000W\000S\000\040\000S\000a\000v\000i\000n\000g\000s\000\040\000P\000l\000a\000n}{section.12.5}% 180
\BOOKMARK [1][-]{section.12.6}{\376\377\000S\0003\000\040\000C\000o\000s\000t\000\040\000S\000a\000v\000i\000n\000g\000s}{chapter.12}% 181
\BOOKMARK [2][-]{subsection.12.6.1}{\376\377\000S\0003\000\040\000S\000t\000o\000r\000a\000g\000e\000\040\000C\000l\000a\000s\000s\000e\000s}{section.12.6}% 182
\BOOKMARK [2][-]{subsection.12.6.2}{\376\377\000S\0003\000\040\000-\000\040\000O\000t\000h\000e\000r\000\040\000C\000o\000s\000t\000\040\000S\000a\000v\000i\000n\000g\000s}{section.12.6}% 183
\BOOKMARK [1][-]{section.12.7}{\376\377\000S\0003\000\040\000S\000t\000o\000r\000a\000g\000e\000\040\000C\000l\000a\000s\000s\000e\000s\000\040\000-\000\040\000R\000e\000m\000i\000n\000d\000e\000r}{chapter.12}% 184
\BOOKMARK [2][-]{subsection.12.7.1}{\376\377\000S\0003\000\040\000S\000t\000o\000r\000a\000g\000e\000\040\000C\000l\000a\000s\000s\000e\000s}{section.12.7}% 185
\BOOKMARK [2][-]{subsection.12.7.2}{\376\377\000S\0003\000\040\000D\000u\000r\000a\000b\000i\000l\000i\000t\000y\000\040\000a\000n\000d\000\040\000A\000v\000a\000i\000l\000a\000l\000b\000i\000l\000i\000t\000y}{section.12.7}% 186
\BOOKMARK [2][-]{subsection.12.7.3}{\376\377\000S\0003\000\040\000I\000n\000t\000e\000l\000l\000i\000g\000e\000n\000t\000\040\000T\000i\000e\000r\000i\000n\000g}{section.12.7}% 187
\BOOKMARK [1][-]{section.12.8}{\376\377\000A\000W\000S\000\040\000B\000u\000d\000g\000e\000t\000s\000\040\000a\000n\000d\000\040\000C\000o\000s\000t\000\040\000E\000x\000p\000l\000o\000r\000e\000r}{chapter.12}% 188
\BOOKMARK [2][-]{subsection.12.8.1}{\376\377\000A\000W\000S\000\040\000B\000u\000d\000g\000e\000t\000s}{section.12.8}% 189
\BOOKMARK [2][-]{subsection.12.8.2}{\376\377\000B\000u\000d\000g\000e\000t\000\040\000A\000c\000t\000i\000o\000n\000s}{section.12.8}% 190
\BOOKMARK [2][-]{subsection.12.8.3}{\376\377\000C\000e\000n\000t\000r\000a\000l\000i\000s\000e\000d\000\040\000B\000u\000d\000g\000e\000t\000\040\000M\000a\000n\000a\000g\000e\000m\000e\000n\000t}{section.12.8}% 191
\BOOKMARK [2][-]{subsection.12.8.4}{\376\377\000D\000e\000C\000e\000n\000t\000r\000a\000l\000i\000s\000e\000d\000\040\000B\000u\000d\000g\000e\000t\000\040\000M\000a\000n\000a\000g\000e\000m\000e\000n\000t}{section.12.8}% 192
\BOOKMARK [2][-]{subsection.12.8.5}{\376\377\000C\000o\000s\000t\000\040\000E\000x\000p\000l\000o\000r\000e\000r}{section.12.8}% 193
\BOOKMARK [1][-]{section.12.9}{\376\377\000A\000W\000S\000\040\000C\000o\000m\000p\000u\000t\000e\000\040\000O\000p\000t\000i\000m\000i\000s\000e\000r}{chapter.12}% 194
\BOOKMARK [2][-]{subsection.12.9.1}{\376\377\000C\000o\000m\000p\000u\000t\000e\000r\000\040\000O\000p\000t\000i\000m\000i\000s\000e\000r\000\040\000-\000\040\000C\000l\000o\000u\000d\000W\000a\000t\000c\000h\000\040\000A\000g\000e\000n\000t}{section.12.9}% 195
\BOOKMARK [1][-]{section.12.10}{\376\377\000E\000C\0002\000\040\000R\000e\000s\000e\000r\000v\000e\000d\000\040\000I\000n\000s\000t\000a\000n\000c\000e}{chapter.12}% 196
\BOOKMARK [0][-]{chapter.13}{\376\377\000M\000i\000g\000r\000a\000t\000i\000o\000n}{}% 197
\BOOKMARK [1][-]{section.13.1}{\376\377\000C\000l\000o\000u\000d\000\040\000M\000i\000g\000r\000a\000t\000i\000o\000n\000\040\000S\000t\000r\000a\000t\000e\000g\000i\000e\000s\000\040\000-\000\040\000T\000h\000e\000\040\0007\000R\000s}{chapter.13}% 198
\BOOKMARK [1][-]{section.13.2}{\376\377\000S\000t\000o\000r\000a\000g\000e\000\040\000G\000a\000t\000e\000w\000a\000y}{chapter.13}% 199
\BOOKMARK [1][-]{section.13.3}{\376\377\000S\000t\000o\000r\000a\000g\000e\000\040\000G\000a\000t\000e\000w\000a\000y\000\040\000-\000\040\000A\000d\000v\000a\000n\000v\000e\000d\000\040\000C\000o\000n\000c\000e\000p\000t\000s}{chapter.13}% 200
\BOOKMARK [1][-]{section.13.4}{\376\377\000S\000n\000o\000w\000\040\000F\000a\000m\000i\000l\000y}{chapter.13}% 201
\BOOKMARK [1][-]{section.13.5}{\376\377\000S\000n\000o\000w\000\040\000F\000a\000m\000i\000l\000y\000\040\000-\000\040\000I\000m\000p\000r\000o\000v\000i\000n\000g\000\040\000P\000e\000r\000f\000o\000r\000m\000a\000n\000c\000e}{chapter.13}% 202
\BOOKMARK [1][-]{section.13.6}{\376\377\000A\000W\000S\000\040\000D\000M\000S\000\040\000-\000\040\000D\000a\000t\000a\000b\000a\000s\000e\000\040\000M\000i\000g\000r\000a\000t\000i\000o\000n\000\040\000S\000e\000r\000v\000i\000c\000e\000s}{chapter.13}% 203
\BOOKMARK [1][-]{section.13.7}{\376\377\000A\000W\000S\000\040\000C\000A\000R\000T\000\040\000-\000\040\000C\000l\000o\000u\000d\000\040\000A\000d\000o\000p\000t\000i\000o\000n\000\040\000R\000e\000a\000d\000i\000n\000e\000s\000s\000\040\000T\000o\000o\000l}{chapter.13}% 204
\BOOKMARK [1][-]{section.13.8}{\376\377\000D\000i\000s\000a\000s\000t\000e\000r\000\040\000R\000e\000c\000o\000v\000e\000r\000y}{chapter.13}% 205
\BOOKMARK [1][-]{section.13.9}{\376\377\000A\000W\000S\000\040\000F\000I\000S\000\040\000-\000\040\000F\000a\000u\000l\000t\000\040\000I\000n\000j\000e\000c\000t\000i\000o\000n\000\040\000S\000i\000m\000u\000l\000a\000t\000o\000r}{chapter.13}% 206
\BOOKMARK [1][-]{section.13.10}{\376\377\000V\000M\000\040\000M\000i\000g\000r\000a\000t\000i\000o\000n\000s\000\040\000S\000e\000r\000r\000v\000i\000c\000e\000s}{chapter.13}% 207
\BOOKMARK [1][-]{section.13.11}{\376\377\000A\000W\000S\000\040\000M\000i\000g\000r\000a\000t\000i\000o\000n\000\040\000E\000v\000a\000l\000u\000a\000t\000o\000r}{chapter.13}% 208
\BOOKMARK [1][-]{section.13.12}{\376\377\000A\000W\000S\000\040\000B\000a\000c\000k\000u\000p}{chapter.13}% 209
\BOOKMARK [0][-]{chapter.14}{\376\377\000V\000P\000C}{}% 210
\BOOKMARK [1][-]{section.14.1}{\376\377\000V\000P\000C\000\040\000-\000\040\000B\000a\000s\000i\000s\000c\000s}{chapter.14}% 211
\BOOKMARK [1][-]{section.14.2}{\376\377\000V\000P\000C\000\040\000-\000\040\000P\000e\000e\000r\000i\000n\000g}{chapter.14}% 212
\BOOKMARK [1][-]{section.14.3}{\376\377\000T\000r\000a\000n\000s\000i\000t\000\040\000G\000a\000t\000e\000w\000a\000y}{chapter.14}% 213
\BOOKMARK [1][-]{section.14.4}{\376\377\000V\000P\000C\000\040\000E\000n\000d\000p\000o\000i\000n\000t\000s}{chapter.14}% 214
\BOOKMARK [1][-]{section.14.5}{\376\377\000V\000P\000C\000\040\000E\000n\000p\000o\000i\000n\000t\000\040\000P\000o\000l\000i\000c\000i\000e\000s}{chapter.14}% 215
\BOOKMARK [1][-]{section.14.6}{\376\377\000P\000r\000i\000v\000a\000t\000e\000L\000i\000n\000k}{chapter.14}% 216
\BOOKMARK [1][-]{section.14.7}{\376\377\000A\000W\000S\000\040\000S\0002\000S\000\040\000V\000P\000N}{chapter.14}% 217
\BOOKMARK [1][-]{section.14.8}{\376\377\000A\000W\000S\000\040\000C\000l\000i\000e\000n\000t\000\040\000V\000P\000N}{chapter.14}% 218
\BOOKMARK [1][-]{section.14.9}{\376\377\000D\000i\000r\000e\000c\000t\000\040\000C\000o\000n\000n\000e\000c\000t}{chapter.14}% 219
\BOOKMARK [1][-]{section.14.10}{\376\377\000O\000n\000-\000P\000r\000e\000m\000i\000s\000e\000\040\000R\000e\000d\000u\000n\000d\000a\000n\000t\000\040\000C\000o\000n\000n\000e\000c\000t\000i\000o\000n\000s}{chapter.14}% 220
\BOOKMARK [1][-]{section.14.11}{\376\377\000V\000P\000C\000\040\000F\000l\000o\000w\000\040\000L\000o\000g\000s}{chapter.14}% 221
\BOOKMARK [1][-]{section.14.12}{\376\377\000A\000W\000S\000\040\000N\000e\000t\000w\000o\000r\000k\000\040\000F\000i\000r\000e\000w\000a\000l\000l}{chapter.14}% 222
\BOOKMARK [0][-]{chapter.15}{\376\377\000M\000a\000c\000h\000i\000n\000e\000\040\000L\000e\000a\000r\000n\000i\000n\000g}{}% 223
\BOOKMARK [1][-]{section.15.1}{\376\377\000R\000e\000k\000o\000g\000n\000i\000t\000i\000o\000n\000\040\000O\000v\000e\000r\000v\000i\000e\000w}{chapter.15}% 224
\BOOKMARK [2][-]{subsection.15.1.1}{\376\377\000A\000m\000a\000z\000o\000n\000\040\000R\000e\000k\000o\000g\000n\000i\000t\000i\000o\000n\000\040\000-\000\040\000C\000o\000n\000t\000e\000n\000t\000\040\000M\000o\000d\000e\000r\000a\000t\000i\000o\000n}{section.15.1}% 225
\BOOKMARK [1][-]{section.15.2}{\376\377\000T\000r\000a\000n\000s\000c\000r\000i\000b\000e\000\040\000O\000v\000e\000r\000v\000i\000e\000w}{chapter.15}% 226
\BOOKMARK [1][-]{section.15.3}{\376\377\000P\000o\000l\000l\000y\000\040\000O\000v\000e\000r\000v\000i\000e\000w}{chapter.15}% 227
\BOOKMARK [2][-]{subsection.15.3.1}{\376\377\000A\000m\000a\000z\000o\000n\000\040\000P\000o\000l\000l\000y\000\040\000-\000\040\000L\000e\000x\000i\000c\000o\000n\000\040\000\046\000\040\000S\000S\000M\000L}{section.15.3}% 228
\BOOKMARK [1][-]{section.15.4}{\376\377\000T\000r\000a\000n\000s\000l\000a\000t\000e\000\040\000O\000v\000e\000r\000v\000i\000e\000w}{chapter.15}% 229
\BOOKMARK [1][-]{section.15.5}{\376\377\000L\000e\000x\000\040\000+\000\040\000C\000o\000n\000n\000e\000c\000t\000\040\000O\000v\000e\000r\000v\000i\000e\000w}{chapter.15}% 230
\BOOKMARK [1][-]{section.15.6}{\376\377\000C\000o\000m\000p\000r\000e\000h\000e\000n\000d\000\040\000O\000v\000e\000r\000v\000i\000e\000w}{chapter.15}% 231
\BOOKMARK [1][-]{section.15.7}{\376\377\000C\000o\000m\000p\000r\000e\000h\000e\000n\000d\000\040\000M\000e\000d\000i\000c\000a\000l\000\040\000O\000v\000e\000r\000v\000i\000e\000w}{chapter.15}% 232
\BOOKMARK [1][-]{section.15.8}{\376\377\000S\000a\000g\000e\000M\000a\000k\000e\000r\000\040\000O\000v\000e\000r\000v\000i\000e\000w}{chapter.15}% 233
\BOOKMARK [1][-]{section.15.9}{\376\377\000K\000e\000n\000d\000r\000a\000\040\000O\000v\000e\000r\000v\000i\000e\000w}{chapter.15}% 234
\BOOKMARK [1][-]{section.15.10}{\376\377\000P\000e\000r\000s\000o\000n\000a\000l\000i\000s\000e\000\040\000O\000v\000e\000r\000v\000i\000e\000w}{chapter.15}% 235
\BOOKMARK [1][-]{section.15.11}{\376\377\000T\000e\000x\000t\000r\000a\000c\000t\000\040\000O\000v\000e\000r\000v\000i\000e\000w}{chapter.15}% 236
\BOOKMARK [1][-]{section.15.12}{\376\377\000M\000a\000c\000h\000i\000n\000e\000\040\000L\000e\000a\000r\000n\000i\000n\000g\000\040\000S\000u\000m\000m\000a\000r\000y}{chapter.15}% 237
\BOOKMARK [0][-]{chapter.16}{\376\377\000O\000t\000h\000e\000r\000\040\000S\000e\000r\000v\000i\000c\000e\000s}{}% 238
\BOOKMARK [1][-]{section.16.1}{\376\377\000O\000t\000h\000e\000r\000\040\000S\000e\000r\000v\000i\000c\000e\000s}{chapter.16}% 239
\BOOKMARK [1][-]{section.16.2}{\376\377\000I\000M\000P\000O\000R\000T\000A\000N\000T\000:\000\040\000C\000o\000d\000e\000C\000o\000m\000m\000i\000t\000\040\000D\000i\000s\000c\000o\000n\000t\000i\000n\000u\000a\000t\000i\000o\000n}{chapter.16}% 240
\BOOKMARK [1][-]{section.16.3}{\376\377\000C\000I\000/\000C\000D}{chapter.16}% 241
\BOOKMARK [1][-]{section.16.4}{\376\377\000A\000m\000a\000z\000o\000n\000\040\000C\000o\000d\000e\000G\000u\000r\000u}{chapter.16}% 242
\BOOKMARK [1][-]{section.16.5}{\376\377\000A\000l\000e\000x\000a\000\040\000f\000o\000r\000\040\000B\000u\000s\000i\000n\000e\000s\000s\000,\000\040\000L\000e\000x\000\040\000a\000n\000d\000\040\000C\000o\000n\000n\000e\000c\000t}{chapter.16}% 243
\BOOKMARK [1][-]{section.16.6}{\376\377\000K\000i\000n\000e\000s\000i\000s\000\040\000V\000i\000d\000e\000o\000\040\000S\000t\000r\000e\000a\000m\000s}{chapter.16}% 244
\BOOKMARK [1][-]{section.16.7}{\376\377\000A\000W\000S\000\040\000W\000o\000r\000k\000S\000p\000a\000c\000e\000s}{chapter.16}% 245
\BOOKMARK [1][-]{section.16.8}{\376\377\000A\000m\000a\000z\000o\000n\000\040\000A\000p\000p\000S\000t\000r\000e\000a\000m\000\040\0002\000.\0000}{chapter.16}% 246
\BOOKMARK [1][-]{section.16.9}{\376\377\000A\000W\000S\000\040\000D\000e\000v\000i\000c\000e\000\040\000F\000a\000r\000m}{chapter.16}% 247
\BOOKMARK [1][-]{section.16.10}{\376\377\000A\000m\000a\000z\000o\000n\000\040\000M\000a\000c\000i\000e}{chapter.16}% 248
\BOOKMARK [1][-]{section.16.11}{\376\377\000A\000m\000a\000z\000o\000n\000\040\000S\000E\000S}{chapter.16}% 249
\BOOKMARK [1][-]{section.16.12}{\376\377\000A\000m\000a\000z\000o\000n\000\040\000P\000i\000n\000p\000o\000i\000n\000t}{chapter.16}% 250
\BOOKMARK [1][-]{section.16.13}{\376\377\000E\000C\0002\000\040\000I\000m\000a\000g\000e\000\040\000B\000u\000i\000l\000d\000e\000r}{chapter.16}% 251
\BOOKMARK [1][-]{section.16.14}{\376\377\000O\000t\000h\000e\000r\000\040\000S\000e\000r\000v\000i\000c\000e\000s\000\040\000S\000u\000m\000m\000a\000r\000y}{chapter.16}% 252
\BOOKMARK [0][-]{chapter.17}{\376\377\000E\000x\000a\000m\000\040\000P\000r\000e\000p\000a\000r\000a\000t\000i\000o\000n}{}% 253
